<?xml version="1.0" encoding="UTF-8"?>
<testng-results ignored="0" total="1" passed="1" failed="0" skipped="0">
  <reporter-output>
  </reporter-output>
  <suite started-at="2024-01-08T21:38:59 ICT" name="Default suite" finished-at="2024-01-08T21:39:23 ICT" duration-ms="24005">
    <groups>
    </groups>
    <test started-at="2024-01-08T21:38:59 ICT" name="Default test" finished-at="2024-01-08T21:39:23 ICT" duration-ms="24005">
      <class name="Day_10.Day_10_xPath">
        <test-method is-config="true" signature="beforeTest()[pri:0, instance:Day_10.Day_10_xPath@70e9c95d]" started-at="2024-01-08T21:38:59 ICT" name="beforeTest" finished-at="2024-01-08T21:39:07 ICT" duration-ms="7954" status="PASS">
          <reporter-output>
          </reporter-output>
        </test-method> <!-- beforeTest -->
        <test-method is-config="true" signature="beforeMethod()[pri:0, instance:Day_10.Day_10_xPath@70e9c95d]" started-at="2024-01-08T21:39:07 ICT" name="beforeMethod" finished-at="2024-01-08T21:39:14 ICT" duration-ms="6232" status="PASS">
          <reporter-output>
          </reporter-output>
        </test-method> <!-- beforeMethod -->
        <test-method signature="checkWithAndOrCondition()[pri:0, instance:Day_10.Day_10_xPath@70e9c95d]" started-at="2024-01-08T21:39:14 ICT" name="checkWithAndOrCondition" finished-at="2024-01-08T21:39:23 ICT" duration-ms="9604" status="PASS">
          <reporter-output>
          </reporter-output>
        </test-method> <!-- checkWithAndOrCondition -->
        <test-method is-config="true" signature="afterMethod()[pri:0, instance:Day_10.Day_10_xPath@70e9c95d]" started-at="2024-01-08T21:39:23 ICT" name="afterMethod" finished-at="2024-01-08T21:39:23 ICT" duration-ms="0" status="PASS">
          <reporter-output>
          </reporter-output>
        </test-method> <!-- afterMethod -->
        <test-method is-config="true" signature="afterTest()[pri:0, instance:Day_10.Day_10_xPath@70e9c95d]" started-at="2024-01-08T21:39:23 ICT" name="afterTest" finished-at="2024-01-08T21:39:23 ICT" duration-ms="158" status="PASS">
          <reporter-output>
          </reporter-output>
        </test-method> <!-- afterTest -->
      </class> <!-- Day_10.Day_10_xPath -->
    </test> <!-- Default test -->
  </suite> <!-- Default suite -->
</testng-results>
