<?xml version="1.0" encoding="UTF-8"?>
<testng-results ignored="0" total="1" passed="1" failed="0" skipped="0">
  <reporter-output>
  </reporter-output>
  <suite started-at="2024-01-05T17:24:49 ICT" name="Default suite" finished-at="2024-01-05T17:25:17 ICT" duration-ms="27574">
    <groups>
    </groups>
    <test started-at="2024-01-05T17:24:49 ICT" name="Default test" finished-at="2024-01-05T17:25:17 ICT" duration-ms="27574">
      <class name="Day_8_Test.Homework_Day_8_Bai_1">
        <test-method is-config="true" signature="beforeClass()[pri:0, instance:Day_8_Test.Homework_Day_8_Bai_1@5a45133e]" started-at="2024-01-05T17:24:49 ICT" name="beforeClass" finished-at="2024-01-05T17:25:06 ICT" duration-ms="16770" status="PASS">
          <reporter-output>
          </reporter-output>
        </test-method> <!-- beforeClass -->
        <test-method signature="Testcase_1()[pri:0, instance:Day_8_Test.Homework_Day_8_Bai_1@5a45133e]" started-at="2024-01-05T17:25:06 ICT" name="Testcase_1" finished-at="2024-01-05T17:25:16 ICT" duration-ms="9853" status="PASS">
          <reporter-output>
          </reporter-output>
        </test-method> <!-- Testcase_1 -->
        <test-method is-config="true" signature="afterClass()[pri:0, instance:Day_8_Test.Homework_Day_8_Bai_1@5a45133e]" started-at="2024-01-05T17:25:16 ICT" name="afterClass" finished-at="2024-01-05T17:25:17 ICT" duration-ms="910" status="PASS">
          <reporter-output>
          </reporter-output>
        </test-method> <!-- afterClass -->
      </class> <!-- Day_8_Test.Homework_Day_8_Bai_1 -->
    </test> <!-- Default test -->
  </suite> <!-- Default suite -->
</testng-results>
