<?xml version="1.0" encoding="UTF-8"?>
<!-- Generated by org.testng.reporters.JUnitXMLReporter -->
<testsuite ignored="2" hostname="PC3" failures="0" tests="1" name="Default test" time="24.005" errors="0" timestamp="2024-01-08T21:39:23 ICT">
  <testcase classname="Day_10.Day_10_xPath" name="checkWithAndOrCondition" time="9.604"/>
  <testcase classname="Day_10.Day_10_xPath" name="checkWithContainsOrStartWidth" time="0.0">
    <ignored/>
  </testcase> <!-- checkWithContainsOrStartWidth -->
  <testcase classname="Day_10.Day_10_xPath" name="checkWithText" time="0.0">
    <ignored/>
  </testcase> <!-- checkWithText -->
</testsuite> <!-- Default test -->
